# JRE version: Java(TM) SE Runtime Environment (8.0_191-b12) (build 1.8.0_191-b12)
# Java VM: Java HotSpot(TM) 64-Bit Server VM (25.191-b12 mixed mode windows-amd64 compressed oops)
Heap:
 PSYoungGen      total 57856K, used 29918K [0x00000000d5c00000, 0x00000000da900000, 0x0000000100000000)
  eden space 53248K, 47% used [0x00000000d5c00000,0x00000000d74d91f8,0x00000000d9000000)
  from space 4608K, 97% used [0x00000000da480000,0x00000000da8de7d0,0x00000000da900000)
  to   space 7680K, 0% used [0x00000000d9a00000,0x00000000d9a00000,0x00000000da180000)
 ParOldGen       total 53760K, used 5779K [0x0000000081400000, 0x0000000084880000, 0x00000000d5c00000)
  object space 53760K, 10% used [0x0000000081400000,0x00000000819a4c90,0x0000000084880000)
 Metaspace       used 27327K, capacity 28188K, committed 28416K, reserved 1073152K
  class space    used 3551K, capacity 3790K, committed 3840K, reserved 1048576K
GC Heap History (10 events):
Event: 4.241 GC heap before
{Heap before GC invocations=3 (full 0):
 PSYoungGen      total 38400K, used 37920K [0x00000000d5c00000, 0x00000000d8680000, 0x0000000100000000)
  eden space 33280K, 100% used [0x00000000d5c00000,0x00000000d7c80000,0x00000000d7c80000)
  from space 5120K, 90% used [0x00000000d8180000,0x00000000d86081a0,0x00000000d8680000)
  to   space 5120K, 0% used [0x00000000d7c80000,0x00000000d7c80000,0x00000000d8180000)
 ParOldGen       total 87552K, used 35K [0x0000000081400000, 0x0000000086980000, 0x00000000d5c00000)
  object space 87552K, 0% used [0x0000000081400000,0x0000000081408c50,0x0000000086980000)
 Metaspace       used 15622K, capacity 15846K, committed 16128K, reserved 1062912K
  class space    used 1967K, capacity 2035K, committed 2048K, reserved 1048576K
Event: 4.250 GC heap after
Heap after GC invocations=3 (full 0):
 PSYoungGen      total 38400K, used 5105K [0x00000000d5c00000, 0x00000000d8680000, 0x0000000100000000)
  eden space 33280K, 0% used [0x00000000d5c00000,0x00000000d5c00000,0x00000000d7c80000)
  from space 5120K, 99% used [0x00000000d7c80000,0x00000000d817c6b8,0x00000000d8180000)
  to   space 5120K, 0% used [0x00000000d8180000,0x00000000d8180000,0x00000000d8680000)
 ParOldGen       total 87552K, used 467K [0x0000000081400000, 0x0000000086980000, 0x00000000d5c00000)
  object space 87552K, 0% used [0x0000000081400000,0x0000000081474dd8,0x0000000086980000)
 Metaspace       used 15622K, capacity 15846K, committed 16128K, reserved 1062912K
  class space    used 1967K, capacity 2035K, committed 2048K, reserved 1048576K
}
Event: 4.901 GC heap before
{Heap before GC invocations=4 (full 0):
 PSYoungGen      total 38400K, used 38385K [0x00000000d5c00000, 0x00000000d8680000, 0x0000000100000000)
  eden space 33280K, 100% used [0x00000000d5c00000,0x00000000d7c80000,0x00000000d7c80000)
  from space 5120K, 99% used [0x00000000d7c80000,0x00000000d817c6b8,0x00000000d8180000)
  to   space 5120K, 0% used [0x00000000d8180000,0x00000000d8180000,0x00000000d8680000)
 ParOldGen       total 87552K, used 467K [0x0000000081400000, 0x0000000086980000, 0x00000000d5c00000)
  object space 87552K, 0% used [0x0000000081400000,0x0000000081474dd8,0x0000000086980000)
 Metaspace       used 18773K, capacity 19202K, committed 19456K, reserved 1067008K
  class space    used 2388K, capacity 2499K, committed 2560K, reserved 1048576K
Event: 4.909 GC heap after
Heap after GC invocations=4 (full 0):
 PSYoungGen      total 38400K, used 5092K [0x00000000d5c00000, 0x00000000d8680000, 0x0000000100000000)
  eden space 33280K, 0% used [0x00000000d5c00000,0x00000000d5c00000,0x00000000d7c80000)
  from space 5120K, 99% used [0x00000000d8180000,0x00000000d8679340,0x00000000d8680000)
  to   space 5120K, 0% used [0x00000000d7c80000,0x00000000d7c80000,0x00000000d8180000)
 ParOldGen       total 87552K, used 2110K [0x0000000081400000, 0x0000000086980000, 0x00000000d5c00000)
  object space 87552K, 2% used [0x0000000081400000,0x000000008160fa10,0x0000000086980000)
 Metaspace       used 18773K, capacity 19202K, committed 19456K, reserved 1067008K
  class space    used 2388K, capacity 2499K, committed 2560K, reserved 1048576K
}
Event: 5.191 GC heap before
{Heap before GC invocations=5 (full 0):
 PSYoungGen      total 38400K, used 18430K [0x00000000d5c00000, 0x00000000d8680000, 0x0000000100000000)
  eden space 33280K, 40% used [0x00000000d5c00000,0x00000000d69065f0,0x00000000d7c80000)
  from space 5120K, 99% used [0x00000000d8180000,0x00000000d8679340,0x00000000d8680000)
  to   space 5120K, 0% used [0x00000000d7c80000,0x00000000d7c80000,0x00000000d8180000)
 ParOldGen       total 87552K, used 2110K [0x0000000081400000, 0x0000000086980000, 0x00000000d5c00000)
  object space 87552K, 2% used [0x0000000081400000,0x000000008160fa10,0x0000000086980000)
 Metaspace       used 20778K, capacity 21150K, committed 21248K, reserved 1067008K
  class space    used 2635K, capacity 2735K, committed 2816K, reserved 1048576K
Event: 5.199 GC heap after
Heap after GC invocations=5 (full 0):
 PSYoungGen      total 38400K, used 5112K [0x00000000d5c00000, 0x00000000dac00000, 0x0000000100000000)
  eden space 33280K, 0% used [0x00000000d5c00000,0x00000000d5c00000,0x00000000d7c80000)
  from space 5120K, 99% used [0x00000000d7c80000,0x00000000d817e108,0x00000000d8180000)
  to   space 7680K, 0% used [0x00000000da480000,0x00000000da480000,0x00000000dac00000)
 ParOldGen       total 87552K, used 2774K [0x0000000081400000, 0x0000000086980000, 0x00000000d5c00000)
  object space 87552K, 3% used [0x0000000081400000,0x00000000816b5948,0x0000000086980000)
 Metaspace       used 20778K, capacity 21150K, committed 21248K, reserved 1067008K
  class space    used 2635K, capacity 2735K, committed 2816K, reserved 1048576K
}
Event: 5.199 GC heap before
{Heap before GC invocations=6 (full 1):
 PSYoungGen      total 38400K, used 5112K [0x00000000d5c00000, 0x00000000dac00000, 0x0000000100000000)
  eden space 33280K, 0% used [0x00000000d5c00000,0x00000000d5c00000,0x00000000d7c80000)
  from space 5120K, 99% used [0x00000000d7c80000,0x00000000d817e108,0x00000000d8180000)
  to   space 7680K, 0% used [0x00000000da480000,0x00000000da480000,0x00000000dac00000)
 ParOldGen       total 87552K, used 2774K [0x0000000081400000, 0x0000000086980000, 0x00000000d5c00000)
  object space 87552K, 3% used [0x0000000081400000,0x00000000816b5948,0x0000000086980000)
 Metaspace       used 20778K, capacity 21150K, committed 21248K, reserved 1067008K
  class space    used 2635K, capacity 2735K, committed 2816K, reserved 1048576K
Event: 5.236 GC heap after
Heap after GC invocations=6 (full 1):
 PSYoungGen      total 38400K, used 0K [0x00000000d5c00000, 0x00000000dac00000, 0x0000000100000000)
  eden space 33280K, 0% used [0x00000000d5c00000,0x00000000d5c00000,0x00000000d7c80000)
  from space 5120K, 0% used [0x00000000d7c80000,0x00000000d7c80000,0x00000000d8180000)
  to   space 7680K, 0% used [0x00000000da480000,0x00000000da480000,0x00000000dac00000)
 ParOldGen       total 53760K, used 5771K [0x0000000081400000, 0x0000000084880000, 0x00000000d5c00000)
  object space 53760K, 10% used [0x0000000081400000,0x00000000819a2c90,0x0000000084880000)
 Metaspace       used 20778K, capacity 21150K, committed 21248K, reserved 1067008K
  class space    used 2635K, capacity 2735K, committed 2816K, reserved 1048576K
}
Event: 6.350 GC heap before
{Heap before GC invocations=7 (full 1):
 PSYoungGen      total 38400K, used 33280K [0x00000000d5c00000, 0x00000000dac00000, 0x0000000100000000)
  eden space 33280K, 100% used [0x00000000d5c00000,0x00000000d7c80000,0x00000000d7c80000)
  from space 5120K, 0% used [0x00000000d7c80000,0x00000000d7c80000,0x00000000d8180000)
  to   space 7680K, 0% used [0x00000000da480000,0x00000000da480000,0x00000000dac00000)
 ParOldGen       total 53760K, used 5771K [0x0000000081400000, 0x0000000084880000, 0x00000000d5c00000)
  object space 53760K, 10% used [0x0000000081400000,0x00000000819a2c90,0x0000000084880000)
 Metaspace       used 23992K, capacity 24390K, committed 24704K, reserved 1071104K
  class space    used 3055K, capacity 3167K, committed 3200K, reserved 1048576K
Event: 6.358 GC heap after
Heap after GC invocations=7 (full 1):
 PSYoungGen      total 57856K, used 4473K [0x00000000d5c00000, 0x00000000da900000, 0x0000000100000000)
  eden space 53248K, 0% used [0x00000000d5c00000,0x00000000d5c00000,0x00000000d9000000)
  from space 4608K, 97% used [0x00000000da480000,0x00000000da8de7d0,0x00000000da900000)
  to   space 7680K, 0% used [0x00000000d9a00000,0x00000000d9a00000,0x00000000da180000)
 ParOldGen       total 53760K, used 5779K [0x0000000081400000, 0x0000000084880000, 0x00000000d5c00000)
  object space 53760K, 10% used [0x0000000081400000,0x00000000819a4c90,0x0000000084880000)
 Metaspace       used 23992K, capacity 24390K, committed 24704K, reserved 1071104K
  class space    used 3055K, capacity 3167K, committed 3200K, reserved 1048576K
}

